2023-05-19 03:23:42 INFO Bot is running...
2023-05-19 03:23:42 INFO Bot: krylov_ukg [@krylov_ukg_bot]
2023-05-19 03:23:42 WARNING Updates were skipped successfully.
2023-05-19 03:23:42 INFO Start polling.
2023-05-19 03:23:44 INFO Stop polling...
2023-05-19 03:23:44 WARNING Goodbye!
2023-05-19 03:23:44 INFO Bot stopped...
2023-05-19 03:24:09 - INFO - Bot is running...
2023-05-19 03:24:09 - INFO - Bot: krylov_ukg [@krylov_ukg_bot]
2023-05-19 03:24:10 - WARNING - Updates were skipped successfully.
2023-05-19 03:24:10 - INFO - Start polling.
2023-05-19 03:24:14 - INFO - Stop polling...
2023-05-19 03:24:14 - WARNING - Goodbye!
2023-05-19 03:24:14 - INFO - Bot stopped...
2023-05-19 03:25:45 - INFO - Bot is running...
2023-05-19 03:25:45 - INFO - Bot: krylov_ukg [@krylov_ukg_bot]
2023-05-19 03:25:46 - WARNING - Updates were skipped successfully.
2023-05-19 03:25:46 - INFO - Start polling.
2023-05-19 03:25:49 - INFO - Stop polling...
2023-05-19 03:25:49 - WARNING - Goodbye!
2023-05-19 03:25:49 - INFO - Bot stopped...
2023-05-19 03:26:26 - INFO - Bot is running...
2023-05-19 03:26:26 - DEBUG - Using proactor: IocpProactor
2023-05-19 03:26:26 - DEBUG - Make request: "getMe" with data: "{}" and files "None"
2023-05-19 03:26:27 - DEBUG - Response for getMe: [200] "'{"ok":true,"result":{"id":6022406658,"is_bot":true,"first_name":"krylov_ukg","username":"krylov_ukg_bot","can_join_groups":true,"can_read_all_group_messages":true,"supports_inline_queries":false}}'"
2023-05-19 03:26:27 - INFO - Bot: krylov_ukg [@krylov_ukg_bot]
2023-05-19 03:26:27 - DEBUG - Make request: "getWebhookInfo" with data: "{}" and files "None"
2023-05-19 03:26:27 - DEBUG - Response for getWebhookInfo: [200] "'{"ok":true,"result":{"url":"","has_custom_certificate":false,"pending_update_count":0}}'"
2023-05-19 03:26:27 - DEBUG - Make request: "deleteWebhook" with data: "{'drop_pending_updates': True}" and files "None"
2023-05-19 03:26:27 - DEBUG - Response for deleteWebhook: [200] "'{"ok":true,"result":true,"description":"Webhook is already deleted"}'"
2023-05-19 03:26:27 - WARNING - Updates were skipped successfully.
2023-05-19 03:26:27 - INFO - Start polling.
2023-05-19 03:26:27 - DEBUG - Make request: "getWebhookInfo" with data: "{}" and files "None"
2023-05-19 03:26:27 - DEBUG - Response for getWebhookInfo: [200] "'{"ok":true,"result":{"url":"","has_custom_certificate":false,"pending_update_count":0}}'"
2023-05-19 03:26:27 - DEBUG - Make request: "getUpdates" with data: "{'timeout': 20}" and files "None"
2023-05-19 03:26:29 - INFO - Stop polling...
2023-05-19 03:26:29 - WARNING - Goodbye!
2023-05-19 03:26:29 - INFO - Bot stopped...
